<?xml version="1.0" encoding="UTF-8"?>
<coverage generated="1737300111">
  <project timestamp="1737300111">
    <file name="/var/www/html/src/Connection.php">
      <class name="GenericDatabase\Connection" namespace="global">
        <metrics complexity="59" methods="45" coveredmethods="45" conditionals="0" coveredconditionals="0" statements="113" coveredstatements="113" elements="158" coveredelements="158"/>
      </class>
      <line num="156" type="method" name="__construct" visibility="public" complexity="1" crap="1" count="106"/>
      <line num="158" type="stmt" count="106"/>
      <line num="167" type="method" name="__call" visibility="public" complexity="5" crap="5" count="155"/>
      <line num="169" type="stmt" count="155"/>
      <line num="170" type="stmt" count="155"/>
      <line num="171" type="stmt" count="155"/>
      <line num="172" type="stmt" count="155"/>
      <line num="174" type="stmt" count="155"/>
      <line num="175" type="stmt" count="155"/>
      <line num="176" type="stmt" count="11"/>
      <line num="177" type="stmt" count="10"/>
      <line num="179" type="stmt" count="155"/>
      <line num="190" type="method" name="__callStatic" visibility="public" complexity="2" crap="2" count="73"/>
      <line num="192" type="stmt" count="73"/>
      <line num="193" type="stmt" count="73"/>
      <line num="194" type="stmt" count="73"/>
      <line num="195" type="stmt" count="73"/>
      <line num="196" type="stmt" count="73"/>
      <line num="197" type="stmt" count="73"/>
      <line num="198" type="stmt" count="73"/>
      <line num="199" type="stmt" count="73"/>
      <line num="200" type="stmt" count="26"/>
      <line num="201" type="stmt" count="52"/>
      <line num="202" type="stmt" count="73"/>
      <line num="203" type="stmt" count="73"/>
      <line num="204" type="stmt" count="73"/>
      <line num="218" type="method" name="setStrategy" visibility="public" complexity="1" crap="1" count="169"/>
      <line num="220" type="stmt" count="169"/>
      <line num="228" type="method" name="getStrategy" visibility="public" complexity="1" crap="1" count="169"/>
      <line num="230" type="stmt" count="169"/>
      <line num="239" type="method" name="initFactory" visibility="private" complexity="1" crap="1" count="155"/>
      <line num="241" type="stmt" count="155"/>
      <line num="242" type="stmt" count="155"/>
      <line num="243" type="stmt" count="155"/>
      <line num="244" type="stmt" count="155"/>
      <line num="245" type="stmt" count="155"/>
      <line num="246" type="stmt" count="155"/>
      <line num="247" type="stmt" count="155"/>
      <line num="248" type="stmt" count="155"/>
      <line num="249" type="stmt" count="155"/>
      <line num="250" type="stmt" count="155"/>
      <line num="251" type="stmt" count="155"/>
      <line num="262" type="method" name="call" visibility="private" complexity="1" crap="1" count="73"/>
      <line num="264" type="stmt" count="73"/>
      <line num="265" type="stmt" count="73"/>
      <line num="274" type="method" name="callWithByStaticArray" visibility="private" complexity="2" crap="2" count="47"/>
      <line num="276" type="stmt" count="47"/>
      <line num="277" type="stmt" count="47"/>
      <line num="279" type="stmt" count="47"/>
      <line num="289" type="method" name="callWithByStaticArgs" visibility="private" complexity="1" crap="1" count="21"/>
      <line num="291" type="stmt" count="21"/>
      <line num="303" type="method" name="callArgumentsByFormat" visibility="private" complexity="9" crap="9" count="5"/>
      <line num="305" type="stmt" count="5"/>
      <line num="306" type="stmt" count="5"/>
      <line num="307" type="stmt" count="5"/>
      <line num="308" type="stmt" count="5"/>
      <line num="309" type="stmt" count="5"/>
      <line num="310" type="stmt" count="5"/>
      <line num="311" type="stmt" count="5"/>
      <line num="312" type="stmt" count="5"/>
      <line num="313" type="stmt" count="5"/>
      <line num="315" type="stmt" count="5"/>
      <line num="316" type="stmt" count="5"/>
      <line num="317" type="stmt" count="5"/>
      <line num="318" type="stmt" count="5"/>
      <line num="319" type="stmt" count="5"/>
      <line num="320" type="stmt" count="5"/>
      <line num="321" type="stmt" count="5"/>
      <line num="322" type="stmt" count="5"/>
      <line num="323" type="stmt" count="5"/>
      <line num="324" type="stmt" count="5"/>
      <line num="325" type="stmt" count="5"/>
      <line num="326" type="stmt" count="5"/>
      <line num="327" type="stmt" count="5"/>
      <line num="328" type="stmt" count="5"/>
      <line num="329" type="stmt" count="5"/>
      <line num="330" type="stmt" count="5"/>
      <line num="331" type="stmt" count="5"/>
      <line num="332" type="stmt" count="5"/>
      <line num="333" type="stmt" count="5"/>
      <line num="335" type="stmt" count="5"/>
      <line num="336" type="stmt" count="5"/>
      <line num="337" type="stmt" count="5"/>
      <line num="338" type="stmt" count="5"/>
      <line num="339" type="stmt" count="5"/>
      <line num="342" type="stmt" count="5"/>
      <line num="351" type="method" name="setConnection" visibility="public" complexity="1" crap="1" count="2"/>
      <line num="353" type="stmt" count="2"/>
      <line num="354" type="stmt" count="2"/>
      <line num="362" type="method" name="getConnection" visibility="public" complexity="1" crap="1" count="2"/>
      <line num="364" type="stmt" count="2"/>
      <line num="372" type="method" name="connect" visibility="public" complexity="1" crap="1" count="6"/>
      <line num="374" type="stmt" count="6"/>
      <line num="375" type="stmt" count="6"/>
      <line num="383" type="method" name="ping" visibility="public" complexity="1" crap="1" count="6"/>
      <line num="385" type="stmt" count="6"/>
      <line num="393" type="method" name="disconnect" visibility="public" complexity="1" crap="1" count="6"/>
      <line num="395" type="stmt" count="6"/>
      <line num="403" type="method" name="isConnected" visibility="public" complexity="1" crap="1" count="6"/>
      <line num="405" type="stmt" count="6"/>
      <line num="416" type="method" name="loadFromFile" visibility="public" complexity="1" crap="1" count="1"/>
      <line num="418" type="stmt" count="1"/>
      <line num="426" type="method" name="beginTransaction" visibility="public" complexity="1" crap="1" count="1"/>
      <line num="428" type="stmt" count="1"/>
      <line num="436" type="method" name="commit" visibility="public" complexity="1" crap="1" count="1"/>
      <line num="438" type="stmt" count="1"/>
      <line num="447" type="method" name="rollback" visibility="public" complexity="1" crap="1" count="1"/>
      <line num="449" type="stmt" count="1"/>
      <line num="458" type="method" name="inTransaction" visibility="public" complexity="1" crap="1" count="1"/>
      <line num="460" type="stmt" count="1"/>
      <line num="470" type="method" name="lastInsertId" visibility="public" complexity="1" crap="1" count="1"/>
      <line num="472" type="stmt" count="1"/>
      <line num="481" type="method" name="quote" visibility="public" complexity="1" crap="1" count="6"/>
      <line num="483" type="stmt" count="6"/>
      <line num="491" type="method" name="getAllMetadata" visibility="public" complexity="1" crap="1" count="1"/>
      <line num="493" type="stmt" count="1"/>
      <line num="501" type="method" name="getQueryString" visibility="public" complexity="1" crap="1" count="1"/>
      <line num="503" type="stmt" count="1"/>
      <line num="511" type="method" name="setQueryString" visibility="public" complexity="1" crap="1" count="1"/>
      <line num="513" type="stmt" count="1"/>
      <line num="521" type="method" name="getQueryParameters" visibility="public" complexity="1" crap="1" count="1"/>
      <line num="523" type="stmt" count="1"/>
      <line num="531" type="method" name="setQueryParameters" visibility="public" complexity="1" crap="1" count="1"/>
      <line num="533" type="stmt" count="1"/>
      <line num="541" type="method" name="getQueryRows" visibility="public" complexity="1" crap="1" count="1"/>
      <line num="543" type="stmt" count="1"/>
      <line num="552" type="method" name="setQueryRows" visibility="public" complexity="1" crap="1" count="1"/>
      <line num="554" type="stmt" count="1"/>
      <line num="562" type="method" name="getQueryColumns" visibility="public" complexity="1" crap="1" count="1"/>
      <line num="564" type="stmt" count="1"/>
      <line num="573" type="method" name="setQueryColumns" visibility="public" complexity="1" crap="1" count="1"/>
      <line num="575" type="stmt" count="1"/>
      <line num="583" type="method" name="getAffectedRows" visibility="public" complexity="1" crap="1" count="1"/>
      <line num="585" type="stmt" count="1"/>
      <line num="594" type="method" name="setAffectedRows" visibility="public" complexity="1" crap="1" count="1"/>
      <line num="596" type="stmt" count="1"/>
      <line num="604" type="method" name="getStatement" visibility="public" complexity="1" crap="1" count="1"/>
      <line num="606" type="stmt" count="1"/>
      <line num="614" type="method" name="setStatement" visibility="public" complexity="1" crap="1" count="1"/>
      <line num="616" type="stmt" count="1"/>
      <line num="625" type="method" name="query" visibility="public" complexity="1" crap="1" count="21"/>
      <line num="627" type="stmt" count="21"/>
      <line num="636" type="method" name="prepare" visibility="public" complexity="1" crap="1" count="6"/>
      <line num="638" type="stmt" count="6"/>
      <line num="647" type="method" name="exec" visibility="public" complexity="1" crap="1" count="2"/>
      <line num="649" type="stmt" count="2"/>
      <line num="660" type="method" name="fetch" visibility="public" complexity="1" crap="1" count="6"/>
      <line num="662" type="stmt" count="6"/>
      <line num="673" type="method" name="fetchAll" visibility="public" complexity="1" crap="1" count="6"/>
      <line num="675" type="stmt" count="6"/>
      <line num="684" type="method" name="getAttribute" visibility="public" complexity="1" crap="1" count="1"/>
      <line num="686" type="stmt" count="1"/>
      <line num="696" type="method" name="setAttribute" visibility="public" complexity="1" crap="1" count="1"/>
      <line num="698" type="stmt" count="1"/>
      <line num="708" type="method" name="errorCode" visibility="public" complexity="1" crap="1" count="1"/>
      <line num="710" type="stmt" count="1"/>
      <line num="720" type="method" name="errorInfo" visibility="public" complexity="1" crap="1" count="1"/>
      <line num="722" type="stmt" count="1"/>
      <metrics loc="725" ncloc="362" classes="1" methods="45" coveredmethods="45" conditionals="0" coveredconditionals="0" statements="113" coveredstatements="113" elements="158" coveredelements="158"/>
    </file>
    <file name="/var/www/html/src/Core/Build.php">
      <metrics loc="10" ncloc="10" classes="0" methods="0" coveredmethods="0" conditionals="0" coveredconditionals="0" statements="0" coveredstatements="0" elements="0" coveredelements="0"/>
    </file>
    <file name="/var/www/html/src/Core/Column.php">
      <metrics loc="12" ncloc="11" classes="0" methods="0" coveredmethods="0" conditionals="0" coveredconditionals="0" statements="0" coveredstatements="0" elements="0" coveredelements="0"/>
    </file>
    <file name="/var/www/html/src/Core/Condition.php">
      <metrics loc="13" ncloc="12" classes="0" methods="0" coveredmethods="0" conditionals="0" coveredconditionals="0" statements="0" coveredstatements="0" elements="0" coveredelements="0"/>
    </file>
    <file name="/var/www/html/src/Core/Entity.php">
      <metrics loc="71" ncloc="30" classes="0" methods="0" coveredmethods="0" conditionals="0" coveredconditionals="0" statements="0" coveredstatements="0" elements="0" coveredelements="0"/>
    </file>
    <file name="/var/www/html/src/Core/Grouping.php">
      <metrics loc="14" ncloc="13" classes="0" methods="0" coveredmethods="0" conditionals="0" coveredconditionals="0" statements="0" coveredstatements="0" elements="0" coveredelements="0"/>
    </file>
    <file name="/var/www/html/src/Core/Having.php">
      <metrics loc="19" ncloc="19" classes="0" methods="0" coveredmethods="0" conditionals="0" coveredconditionals="0" statements="0" coveredstatements="0" elements="0" coveredelements="0"/>
    </file>
    <file name="/var/www/html/src/Core/Insert.php">
      <metrics loc="12" ncloc="11" classes="0" methods="0" coveredmethods="0" conditionals="0" coveredconditionals="0" statements="0" coveredstatements="0" elements="0" coveredelements="0"/>
    </file>
    <file name="/var/www/html/src/Core/Join.php">
      <metrics loc="17" ncloc="16" classes="0" methods="0" coveredmethods="0" conditionals="0" coveredconditionals="0" statements="0" coveredstatements="0" elements="0" coveredelements="0"/>
    </file>
    <file name="/var/www/html/src/Core/Junction.php">
      <metrics loc="13" ncloc="12" classes="0" methods="0" coveredmethods="0" conditionals="0" coveredconditionals="0" statements="0" coveredstatements="0" elements="0" coveredelements="0"/>
    </file>
    <file name="/var/www/html/src/Core/Limit.php">
      <metrics loc="12" ncloc="11" classes="0" methods="0" coveredmethods="0" conditionals="0" coveredconditionals="0" statements="0" coveredstatements="0" elements="0" coveredelements="0"/>
    </file>
    <file name="/var/www/html/src/Core/Select.php">
      <metrics loc="12" ncloc="11" classes="0" methods="0" coveredmethods="0" conditionals="0" coveredconditionals="0" statements="0" coveredstatements="0" elements="0" coveredelements="0"/>
    </file>
    <file name="/var/www/html/src/Core/Sorting.php">
      <metrics loc="15" ncloc="14" classes="0" methods="0" coveredmethods="0" conditionals="0" coveredconditionals="0" statements="0" coveredstatements="0" elements="0" coveredelements="0"/>
    </file>
    <file name="/var/www/html/src/Core/Table.php">
      <metrics loc="11" ncloc="10" classes="0" methods="0" coveredmethods="0" conditionals="0" coveredconditionals="0" statements="0" coveredstatements="0" elements="0" coveredelements="0"/>
    </file>
    <file name="/var/www/html/src/Core/Types.php">
      <metrics loc="158" ncloc="64" classes="0" methods="0" coveredmethods="0" conditionals="0" coveredconditionals="0" statements="0" coveredstatements="0" elements="0" coveredelements="0"/>
    </file>
    <file name="/var/www/html/src/Core/Where.php">
      <metrics loc="19" ncloc="19" classes="0" methods="0" coveredmethods="0" conditionals="0" coveredconditionals="0" statements="0" coveredstatements="0" elements="0" coveredelements="0"/>
    </file>
    <file name="/var/www/html/src/Engine/Firebird/Connection/Arguments.php">
      <class name="GenericDatabase\Engine\Firebird\Connection\Arguments" namespace="global">
        <metrics complexity="13" methods="6" coveredmethods="3" conditionals="0" coveredconditionals="0" statements="45" coveredstatements="17" elements="51" coveredelements="20"/>
      </class>
      <line num="23" type="method" name="setConstant" visibility="private" complexity="1" crap="2" count="0"/>
      <line num="25" type="stmt" count="0"/>
      <line num="26" type="stmt" count="0"/>
      <line num="27" type="stmt" count="0"/>
      <line num="28" type="stmt" count="0"/>
      <line num="29" type="stmt" count="0"/>
      <line num="30" type="stmt" count="0"/>
      <line num="31" type="stmt" count="0"/>
      <line num="32" type="stmt" count="0"/>
      <line num="33" type="stmt" count="0"/>
      <line num="42" type="method" name="setType" visibility="private" complexity="1" crap="2" count="0"/>
      <line num="44" type="stmt" count="0"/>
      <line num="56" type="method" name="callArgumentsByFormat" visibility="private" complexity="6" crap="42" count="0"/>
      <line num="58" type="stmt" count="0"/>
      <line num="59" type="stmt" count="0"/>
      <line num="60" type="stmt" count="0"/>
      <line num="61" type="stmt" count="0"/>
      <line num="62" type="stmt" count="0"/>
      <line num="63" type="stmt" count="0"/>
      <line num="64" type="stmt" count="0"/>
      <line num="65" type="stmt" count="0"/>
      <line num="66" type="stmt" count="0"/>
      <line num="67" type="stmt" count="0"/>
      <line num="68" type="stmt" count="0"/>
      <line num="69" type="stmt" count="0"/>
      <line num="70" type="stmt" count="0"/>
      <line num="71" type="stmt" count="0"/>
      <line num="73" type="stmt" count="0"/>
      <line num="74" type="stmt" count="0"/>
      <line num="75" type="stmt" count="0"/>
      <line num="79" type="stmt" count="0"/>
      <line num="88" type="method" name="callWithByStaticArray" visibility="private" complexity="2" crap="2" count="2"/>
      <line num="90" type="stmt" count="2"/>
      <line num="91" type="stmt" count="2"/>
      <line num="93" type="stmt" count="2"/>
      <line num="103" type="method" name="callWithByStaticArgs" visibility="private" complexity="1" crap="1" count="1"/>
      <line num="105" type="stmt" count="1"/>
      <line num="117" type="method" name="call" visibility="public" complexity="2" crap="2" count="3"/>
      <line num="119" type="stmt" count="3"/>
      <line num="120" type="stmt" count="3"/>
      <line num="121" type="stmt" count="3"/>
      <line num="122" type="stmt" count="3"/>
      <line num="123" type="stmt" count="3"/>
      <line num="124" type="stmt" count="3"/>
      <line num="125" type="stmt" count="3"/>
      <line num="126" type="stmt" count="3"/>
      <line num="127" type="stmt" count="1"/>
      <line num="128" type="stmt" count="2"/>
      <line num="129" type="stmt" count="3"/>
      <line num="130" type="stmt" count="3"/>
      <line num="131" type="stmt" count="3"/>
      <metrics loc="134" ncloc="90" classes="1" methods="6" coveredmethods="3" conditionals="0" coveredconditionals="0" statements="45" coveredstatements="17" elements="51" coveredelements="20"/>
    </file>
    <file name="/var/www/html/src/Engine/Firebird/Connection/Attributes.php">
      <class name="GenericDatabase\Engine\Firebird\Connection\Attributes" namespace="global">
        <metrics complexity="15" methods="6" coveredmethods="0" conditionals="0" coveredconditionals="0" statements="80" coveredstatements="0" elements="86" coveredelements="0"/>
      </class>
      <line num="33" type="method" name="settings" visibility="private" complexity="2" crap="6" count="0"/>
      <line num="35" type="stmt" count="0"/>
      <line num="36" type="stmt" count="0"/>
      <line num="37" type="stmt" count="0"/>
      <line num="39" type="stmt" count="0"/>
      <line num="40" type="stmt" count="0"/>
      <line num="41" type="stmt" count="0"/>
      <line num="42" type="stmt" count="0"/>
      <line num="43" type="stmt" count="0"/>
      <line num="44" type="stmt" count="0"/>
      <line num="45" type="stmt" count="0"/>
      <line num="48" type="method" name="attachService" visibility="private" complexity="1" crap="2" count="0"/>
      <line num="50" type="stmt" count="0"/>
      <line num="51" type="stmt" count="0"/>
      <line num="52" type="stmt" count="0"/>
      <line num="53" type="stmt" count="0"/>
      <line num="54" type="stmt" count="0"/>
      <line num="55" type="stmt" count="0"/>
      <line num="56" type="stmt" count="0"/>
      <line num="57" type="stmt" count="0"/>
      <line num="58" type="stmt" count="0"/>
      <line num="61" type="method" name="getDatabaseInfo" visibility="private" complexity="5" crap="30" count="0"/>
      <line num="63" type="stmt" count="0"/>
      <line num="64" type="stmt" count="0"/>
      <line num="65" type="stmt" count="0"/>
      <line num="66" type="stmt" count="0"/>
      <line num="67" type="stmt" count="0"/>
      <line num="68" type="stmt" count="0"/>
      <line num="69" type="stmt" count="0"/>
      <line num="70" type="stmt" count="0"/>
      <line num="71" type="stmt" count="0"/>
      <line num="72" type="stmt" count="0"/>
      <line num="73" type="stmt" count="0"/>
      <line num="76" type="stmt" count="0"/>
      <line num="77" type="stmt" count="0"/>
      <line num="79" type="stmt" count="0"/>
      <line num="82" type="method" name="getServerInfo" visibility="private" complexity="1" crap="2" count="0"/>
      <line num="84" type="stmt" count="0"/>
      <line num="85" type="stmt" count="0"/>
      <line num="86" type="stmt" count="0"/>
      <line num="87" type="stmt" count="0"/>
      <line num="88" type="stmt" count="0"/>
      <line num="89" type="stmt" count="0"/>
      <line num="90" type="stmt" count="0"/>
      <line num="91" type="stmt" count="0"/>
      <line num="92" type="stmt" count="0"/>
      <line num="93" type="stmt" count="0"/>
      <line num="94" type="stmt" count="0"/>
      <line num="95" type="stmt" count="0"/>
      <line num="96" type="stmt" count="0"/>
      <line num="97" type="stmt" count="0"/>
      <line num="98" type="stmt" count="0"/>
      <line num="99" type="stmt" count="0"/>
      <line num="100" type="stmt" count="0"/>
      <line num="101" type="stmt" count="0"/>
      <line num="102" type="stmt" count="0"/>
      <line num="103" type="stmt" count="0"/>
      <line num="104" type="stmt" count="0"/>
      <line num="105" type="stmt" count="0"/>
      <line num="106" type="stmt" count="0"/>
      <line num="110" type="method" name="connectionStatus" visibility="private" complexity="2" crap="6" count="0"/>
      <line num="112" type="stmt" count="0"/>
      <line num="113" type="stmt" count="0"/>
      <line num="114" type="stmt" count="0"/>
      <line num="123" type="method" name="define" visibility="public" complexity="4" crap="20" count="0"/>
      <line num="125" type="stmt" count="0"/>
      <line num="126" type="stmt" count="0"/>
      <line num="127" type="stmt" count="0"/>
      <line num="128" type="stmt" count="0"/>
      <line num="129" type="stmt" count="0"/>
      <line num="130" type="stmt" count="0"/>
      <line num="131" type="stmt" count="0"/>
      <line num="132" type="stmt" count="0"/>
      <line num="133" type="stmt" count="0"/>
      <line num="134" type="stmt" count="0"/>
      <line num="135" type="stmt" count="0"/>
      <line num="136" type="stmt" count="0"/>
      <line num="137" type="stmt" count="0"/>
      <line num="138" type="stmt" count="0"/>
      <line num="139" type="stmt" count="0"/>
      <line num="140" type="stmt" count="0"/>
      <line num="141" type="stmt" count="0"/>
      <line num="142" type="stmt" count="0"/>
      <line num="143" type="stmt" count="0"/>
      <line num="144" type="stmt" count="0"/>
      <line num="146" type="stmt" count="0"/>
      <metrics loc="149" ncloc="138" classes="1" methods="6" coveredmethods="0" conditionals="0" coveredconditionals="0" statements="80" coveredstatements="0" elements="86" coveredelements="0"/>
    </file>
    <file name="/var/www/html/src/Engine/Firebird/Connection/DSN.php">
      <class name="GenericDatabase\Engine\Firebird\Connection\DSN" namespace="global">
        <metrics complexity="3" methods="1" coveredmethods="0" conditionals="0" coveredconditionals="0" statements="22" coveredstatements="0" elements="23" coveredelements="0"/>
      </class>
      <line num="16" type="method" name="parse" visibility="public" complexity="3" crap="12" count="0"/>
      <line num="18" type="stmt" count="0"/>
      <line num="19" type="stmt" count="0"/>
      <line num="20" type="stmt" count="0"/>
      <line num="21" type="stmt" count="0"/>
      <line num="22" type="stmt" count="0"/>
      <line num="23" type="stmt" count="0"/>
      <line num="24" type="stmt" count="0"/>
      <line num="27" type="stmt" count="0"/>
      <line num="28" type="stmt" count="0"/>
      <line num="29" type="stmt" count="0"/>
      <line num="30" type="stmt" count="0"/>
      <line num="33" type="stmt" count="0"/>
      <line num="34" type="stmt" count="0"/>
      <line num="35" type="stmt" count="0"/>
      <line num="36" type="stmt" count="0"/>
      <line num="37" type="stmt" count="0"/>
      <line num="38" type="stmt" count="0"/>
      <line num="39" type="stmt" count="0"/>
      <line num="40" type="stmt" count="0"/>
      <line num="41" type="stmt" count="0"/>
      <line num="43" type="stmt" count="0"/>
      <line num="44" type="stmt" count="0"/>
      <metrics loc="47" ncloc="44" classes="1" methods="1" coveredmethods="0" conditionals="0" coveredconditionals="0" statements="22" coveredstatements="0" elements="23" coveredelements="0"/>
    </file>
    <file name="/var/www/html/src/Engine/Firebird/Connection/Dump.php">
      <class name="GenericDatabase\Engine\Firebird\Connection\Dump" namespace="global">
        <metrics complexity="1" methods="1" coveredmethods="0" conditionals="0" coveredconditionals="0" statements="2" coveredstatements="0" elements="3" coveredelements="0"/>
      </class>
      <line num="7" type="method" name="loadFromFile" visibility="public" complexity="1" crap="2" count="0"/>
      <line num="9" type="stmt" count="0"/>
      <line num="10" type="stmt" count="0"/>
      <metrics loc="13" ncloc="13" classes="1" methods="1" coveredmethods="0" conditionals="0" coveredconditionals="0" statements="2" coveredstatements="0" elements="3" coveredelements="0"/>
    </file>
    <file name="/var/www/html/src/Engine/Firebird/Connection/Firebird.php">
      <class name="GenericDatabase\Engine\Firebird\Connection\Firebird" namespace="global">
        <metrics complexity="6" methods="2" coveredmethods="0" conditionals="0" coveredconditionals="0" statements="11" coveredstatements="0" elements="13" coveredelements="0"/>
      </class>
      <line num="99" type="method" name="getAttribute" visibility="public" complexity="3" crap="12" count="0"/>
      <line num="101" type="stmt" count="0"/>
      <line num="102" type="stmt" count="0"/>
      <line num="103" type="stmt" count="0"/>
      <line num="105" type="stmt" count="0"/>
      <line num="108" type="stmt" count="0"/>
      <line num="110" type="stmt" count="0"/>
      <line num="121" type="method" name="setAttribute" visibility="public" complexity="3" crap="12" count="0"/>
      <line num="123" type="stmt" count="0"/>
      <line num="124" type="stmt" count="0"/>
      <line num="125" type="stmt" count="0"/>
      <line num="126" type="stmt" count="0"/>
      <line num="128" type="stmt" count="0"/>
      <metrics loc="132" ncloc="67" classes="1" methods="2" coveredmethods="0" conditionals="0" coveredconditionals="0" statements="11" coveredstatements="0" elements="13" coveredelements="0"/>
    </file>
    <file name="/var/www/html/src/Engine/Firebird/Connection/Options.php">
      <class name="GenericDatabase\Engine\Firebird\Connection\Options" namespace="global">
        <metrics complexity="16" methods="3" coveredmethods="0" conditionals="0" coveredconditionals="0" statements="21" coveredstatements="0" elements="24" coveredelements="0"/>
      </class>
      <line num="19" type="method" name="getOptions" visibility="public" complexity="2" crap="6" count="0"/>
      <line num="21" type="stmt" count="0"/>
      <line num="22" type="stmt" count="0"/>
      <line num="24" type="stmt" count="0"/>
      <line num="26" type="stmt" count="0"/>
      <line num="36" type="method" name="setOptions" visibility="public" complexity="10" crap="110" count="0"/>
      <line num="38" type="stmt" count="0"/>
      <line num="39" type="stmt" count="0"/>
      <line num="40" type="stmt" count="0"/>
      <line num="41" type="stmt" count="0"/>
      <line num="42" type="stmt" count="0"/>
      <line num="43" type="stmt" count="0"/>
      <line num="44" type="stmt" count="0"/>
      <line num="45" type="stmt" count="0"/>
      <line num="46" type="stmt" count="0"/>
      <line num="47" type="stmt" count="0"/>
      <line num="49" type="stmt" count="0"/>
      <line num="50" type="stmt" count="0"/>
      <line num="51" type="stmt" count="0"/>
      <line num="53" type="stmt" count="0"/>
      <line num="65" type="method" name="define" visibility="public" complexity="4" crap="20" count="0"/>
      <line num="67" type="stmt" count="0"/>
      <line num="68" type="stmt" count="0"/>
      <line num="69" type="stmt" count="0"/>
      <metrics loc="74" ncloc="55" classes="1" methods="3" coveredmethods="0" conditionals="0" coveredconditionals="0" statements="21" coveredstatements="0" elements="24" coveredelements="0"/>
    </file>
    <file name="/var/www/html/src/Engine/Firebird/Connection/Statements.php">
      <class name="GenericDatabase\Engine\Firebird\Connection\Statements" namespace="global">
        <metrics complexity="18" methods="10" coveredmethods="0" conditionals="0" coveredconditionals="0" statements="40" coveredstatements="0" elements="50" coveredelements="0"/>
      </class>
      <line num="14" type="method" name="internalFetchClass" visibility="public" complexity="2" crap="6" count="0"/>
      <line num="16" type="stmt" count="0"/>
      <line num="19" type="stmt" count="0"/>
      <line num="20" type="stmt" count="0"/>
      <line num="21" type="stmt" count="0"/>
      <line num="22" type="stmt" count="0"/>
      <line num="24" type="stmt" count="0"/>
      <line num="27" type="method" name="internalFetchBoth" visibility="public" complexity="2" crap="6" count="0"/>
      <line num="29" type="stmt" count="0"/>
      <line num="30" type="stmt" count="0"/>
      <line num="31" type="stmt" count="0"/>
      <line num="33" type="stmt" count="0"/>
      <line num="36" type="method" name="internalFetchAssoc" visibility="public" complexity="1" crap="2" count="0"/>
      <line num="38" type="stmt" count="0"/>
      <line num="41" type="method" name="internalFetchNum" visibility="public" complexity="1" crap="2" count="0"/>
      <line num="43" type="stmt" count="0"/>
      <line num="46" type="method" name="internalFetchColumn" visibility="public" complexity="2" crap="6" count="0"/>
      <line num="48" type="stmt" count="0"/>
      <line num="49" type="stmt" count="0"/>
      <line num="50" type="stmt" count="0"/>
      <line num="51" type="stmt" count="0"/>
      <line num="53" type="stmt" count="0"/>
      <line num="56" type="method" name="internalFetchAllAssoc" visibility="public" complexity="2" crap="6" count="0"/>
      <line num="58" type="stmt" count="0"/>
      <line num="59" type="stmt" count="0"/>
      <line num="60" type="stmt" count="0"/>
      <line num="62" type="stmt" count="0"/>
      <line num="66" type="method" name="internalFetchAllNum" visibility="public" complexity="2" crap="6" count="0"/>
      <line num="68" type="stmt" count="0"/>
      <line num="69" type="stmt" count="0"/>
      <line num="70" type="stmt" count="0"/>
      <line num="72" type="stmt" count="0"/>
      <line num="76" type="method" name="internalFetchAllBoth" visibility="public" complexity="2" crap="6" count="0"/>
      <line num="78" type="stmt" count="0"/>
      <line num="79" type="stmt" count="0"/>
      <line num="80" type="stmt" count="0"/>
      <line num="82" type="stmt" count="0"/>
      <line num="86" type="method" name="internalFetchAllColumn" visibility="public" complexity="2" crap="6" count="0"/>
      <line num="88" type="stmt" count="0"/>
      <line num="89" type="stmt" count="0"/>
      <line num="90" type="stmt" count="0"/>
      <line num="91" type="stmt" count="0"/>
      <line num="93" type="stmt" count="0"/>
      <line num="100" type="method" name="internalFetchAllClass" visibility="public" complexity="2" crap="6" count="0"/>
      <line num="102" type="stmt" count="0"/>
      <line num="105" type="stmt" count="0"/>
      <line num="106" type="stmt" count="0"/>
      <line num="107" type="stmt" count="0"/>
      <line num="108" type="stmt" count="0"/>
      <line num="110" type="stmt" count="0"/>
      <metrics loc="113" ncloc="103" classes="1" methods="10" coveredmethods="0" conditionals="0" coveredconditionals="0" statements="40" coveredstatements="0" elements="50" coveredelements="0"/>
    </file>
    <file name="/var/www/html/src/Engine/Firebird/Connection/Transaction.php">
      <class name="GenericDatabase\Engine\Firebird\Connection\Transaction" namespace="global">
        <metrics complexity="7" methods="4" coveredmethods="0" conditionals="0" coveredconditionals="0" statements="17" coveredstatements="0" elements="21" coveredelements="0"/>
      </class>
      <line num="13" type="method" name="beginTransaction" visibility="public" complexity="2" crap="6" count="0"/>
      <line num="15" type="stmt" count="0"/>
      <line num="16" type="stmt" count="0"/>
      <line num="17" type="stmt" count="0"/>
      <line num="19" type="stmt" count="0"/>
      <line num="20" type="stmt" count="0"/>
      <line num="23" type="method" name="commit" visibility="public" complexity="2" crap="6" count="0"/>
      <line num="25" type="stmt" count="0"/>
      <line num="26" type="stmt" count="0"/>
      <line num="27" type="stmt" count="0"/>
      <line num="29" type="stmt" count="0"/>
      <line num="33" type="method" name="inTransaction" visibility="public" complexity="1" crap="2" count="0"/>
      <line num="35" type="stmt" count="0"/>
      <line num="38" type="method" name="rollback" visibility="public" complexity="2" crap="6" count="0"/>
      <line num="40" type="stmt" count="0"/>
      <line num="41" type="stmt" count="0"/>
      <line num="42" type="stmt" count="0"/>
      <line num="43" type="stmt" count="0"/>
      <line num="44" type="stmt" count="0"/>
      <line num="45" type="stmt" count="0"/>
      <line num="47" type="stmt" count="0"/>
      <metrics loc="50" ncloc="50" classes="1" methods="4" coveredmethods="0" conditionals="0" coveredconditionals="0" statements="17" coveredstatements="0" elements="21" coveredelements="0"/>
    </file>
    <file name="/var/www/html/src/Engine/Firebird/QueryBuilder/Builder.php">
      <class name="GenericDatabase\Engine\Firebird\QueryBuilder\Builder" namespace="global">
        <metrics complexity="98" methods="17" coveredmethods="0" conditionals="0" coveredconditionals="0" statements="205" coveredstatements="0" elements="222" coveredelements="0"/>
      </class>
      <line num="22" type="method" name="__construct" visibility="public" complexity="1" crap="2" count="0"/>
      <line num="24" type="stmt" count="0"/>
      <line num="30" type="method" name="buildSelect" visibility="private" complexity="9" crap="90" count="0"/>
      <line num="32" type="stmt" count="0"/>
      <line num="33" type="stmt" count="0"/>
      <line num="35" type="stmt" count="0"/>
      <line num="36" type="stmt" count="0"/>
      <line num="37" type="stmt" count="0"/>
      <line num="38" type="stmt" count="0"/>
      <line num="39" type="stmt" count="0"/>
      <line num="40" type="stmt" count="0"/>
      <line num="41" type="stmt" count="0"/>
      <line num="42" type="stmt" count="0"/>
      <line num="43" type="stmt" count="0"/>
      <line num="44" type="stmt" count="0"/>
      <line num="46" type="stmt" count="0"/>
      <line num="49" type="stmt" count="0"/>
      <line num="53" type="stmt" count="0"/>
      <line num="59" type="method" name="buildFrom" visibility="private" complexity="6" crap="42" count="0"/>
      <line num="61" type="stmt" count="0"/>
      <line num="62" type="stmt" count="0"/>
      <line num="64" type="stmt" count="0"/>
      <line num="65" type="stmt" count="0"/>
      <line num="66" type="stmt" count="0"/>
      <line num="67" type="stmt" count="0"/>
      <line num="68" type="stmt" count="0"/>
      <line num="69" type="stmt" count="0"/>
      <line num="71" type="stmt" count="0"/>
      <line num="74" type="stmt" count="0"/>
      <line num="78" type="stmt" count="0"/>
      <line num="84" type="method" name="buildJoin" visibility="private" complexity="4" crap="20" count="0"/>
      <line num="86" type="stmt" count="0"/>
      <line num="87" type="stmt" count="0"/>
      <line num="89" type="stmt" count="0"/>
      <line num="90" type="stmt" count="0"/>
      <line num="91" type="stmt" count="0"/>
      <line num="92" type="stmt" count="0"/>
      <line num="93" type="stmt" count="0"/>
      <line num="94" type="stmt" count="0"/>
      <line num="95" type="stmt" count="0"/>
      <line num="96" type="stmt" count="0"/>
      <line num="97" type="stmt" count="0"/>
      <line num="98" type="stmt" count="0"/>
      <line num="99" type="stmt" count="0"/>
      <line num="100" type="stmt" count="0"/>
      <line num="101" type="stmt" count="0"/>
      <line num="102" type="stmt" count="0"/>
      <line num="104" type="stmt" count="0"/>
      <line num="107" type="stmt" count="0"/>
      <line num="113" type="method" name="buildOn" visibility="private" complexity="7" crap="56" count="0"/>
      <line num="115" type="stmt" count="0"/>
      <line num="116" type="stmt" count="0"/>
      <line num="118" type="stmt" count="0"/>
      <line num="119" type="stmt" count="0"/>
      <line num="120" type="stmt" count="0"/>
      <line num="121" type="stmt" count="0"/>
      <line num="122" type="stmt" count="0"/>
      <line num="123" type="stmt" count="0"/>
      <line num="124" type="stmt" count="0"/>
      <line num="125" type="stmt" count="0"/>
      <line num="126" type="stmt" count="0"/>
      <line num="128" type="stmt" count="0"/>
      <line num="134" type="method" name="buildWhere" visibility="private" complexity="11" crap="132" count="0"/>
      <line num="136" type="stmt" count="0"/>
      <line num="137" type="stmt" count="0"/>
      <line num="139" type="stmt" count="0"/>
      <line num="140" type="stmt" count="0"/>
      <line num="141" type="stmt" count="0"/>
      <line num="142" type="stmt" count="0"/>
      <line num="143" type="stmt" count="0"/>
      <line num="144" type="stmt" count="0"/>
      <line num="145" type="stmt" count="0"/>
      <line num="146" type="stmt" count="0"/>
      <line num="147" type="stmt" count="0"/>
      <line num="148" type="stmt" count="0"/>
      <line num="149" type="stmt" count="0"/>
      <line num="150" type="stmt" count="0"/>
      <line num="151" type="stmt" count="0"/>
      <line num="152" type="stmt" count="0"/>
      <line num="153" type="stmt" count="0"/>
      <line num="154" type="stmt" count="0"/>
      <line num="155" type="stmt" count="0"/>
      <line num="156" type="stmt" count="0"/>
      <line num="157" type="stmt" count="0"/>
      <line num="158" type="stmt" count="0"/>
      <line num="159" type="stmt" count="0"/>
      <line num="160" type="stmt" count="0"/>
      <line num="162" type="stmt" count="0"/>
      <line num="168" type="method" name="buildHaving" visibility="private" complexity="11" crap="132" count="0"/>
      <line num="170" type="stmt" count="0"/>
      <line num="171" type="stmt" count="0"/>
      <line num="173" type="stmt" count="0"/>
      <line num="174" type="stmt" count="0"/>
      <line num="175" type="stmt" count="0"/>
      <line num="176" type="stmt" count="0"/>
      <line num="177" type="stmt" count="0"/>
      <line num="178" type="stmt" count="0"/>
      <line num="179" type="stmt" count="0"/>
      <line num="180" type="stmt" count="0"/>
      <line num="181" type="stmt" count="0"/>
      <line num="182" type="stmt" count="0"/>
      <line num="183" type="stmt" count="0"/>
      <line num="184" type="stmt" count="0"/>
      <line num="185" type="stmt" count="0"/>
      <line num="186" type="stmt" count="0"/>
      <line num="187" type="stmt" count="0"/>
      <line num="188" type="stmt" count="0"/>
      <line num="189" type="stmt" count="0"/>
      <line num="190" type="stmt" count="0"/>
      <line num="191" type="stmt" count="0"/>
      <line num="192" type="stmt" count="0"/>
      <line num="193" type="stmt" count="0"/>
      <line num="194" type="stmt" count="0"/>
      <line num="196" type="stmt" count="0"/>
      <line num="202" type="method" name="buildGroup" visibility="private" complexity="6" crap="42" count="0"/>
      <line num="204" type="stmt" count="0"/>
      <line num="205" type="stmt" count="0"/>
      <line num="207" type="stmt" count="0"/>
      <line num="208" type="stmt" count="0"/>
      <line num="209" type="stmt" count="0"/>
      <line num="210" type="stmt" count="0"/>
      <line num="211" type="stmt" count="0"/>
      <line num="212" type="stmt" count="0"/>
      <line num="214" type="stmt" count="0"/>
      <line num="218" type="stmt" count="0"/>
      <line num="224" type="method" name="buildOrder" visibility="private" complexity="6" crap="42" count="0"/>
      <line num="226" type="stmt" count="0"/>
      <line num="227" type="stmt" count="0"/>
      <line num="229" type="stmt" count="0"/>
      <line num="230" type="stmt" count="0"/>
      <line num="231" type="stmt" count="0"/>
      <line num="232" type="stmt" count="0"/>
      <line num="233" type="stmt" count="0"/>
      <line num="234" type="stmt" count="0"/>
      <line num="235" type="stmt" count="0"/>
      <line num="236" type="stmt" count="0"/>
      <line num="237" type="stmt" count="0"/>
      <line num="238" type="stmt" count="0"/>
      <line num="239" type="stmt" count="0"/>
      <line num="241" type="stmt" count="0"/>
      <line num="245" type="stmt" count="0"/>
      <line num="251" type="method" name="buildLimit" visibility="private" complexity="3" crap="12" count="0"/>
      <line num="253" type="stmt" count="0"/>
      <line num="254" type="stmt" count="0"/>
      <line num="256" type="stmt" count="0"/>
      <line num="257" type="stmt" count="0"/>
      <line num="258" type="stmt" count="0"/>
      <line num="260" type="stmt" count="0"/>
      <line num="262" type="stmt" count="0"/>
      <line num="268" type="method" name="buildQuery" visibility="private" complexity="10" crap="110" count="0"/>
      <line num="270" type="stmt" count="0"/>
      <line num="271" type="stmt" count="0"/>
      <line num="272" type="stmt" count="0"/>
      <line num="274" type="stmt" count="0"/>
      <line num="275" type="stmt" count="0"/>
      <line num="277" type="stmt" count="0"/>
      <line num="278" type="stmt" count="0"/>
      <line num="280" type="stmt" count="0"/>
      <line num="281" type="stmt" count="0"/>
      <line num="283" type="stmt" count="0"/>
      <line num="284" type="stmt" count="0"/>
      <line num="286" type="stmt" count="0"/>
      <line num="287" type="stmt" count="0"/>
      <line num="289" type="stmt" count="0"/>
      <line num="290" type="stmt" count="0"/>
      <line num="292" type="stmt" count="0"/>
      <line num="293" type="stmt" count="0"/>
      <line num="295" type="stmt" count="0"/>
      <line num="296" type="stmt" count="0"/>
      <line num="298" type="stmt" count="0"/>
      <line num="301" type="method" name="setPlaceholders" visibility="private" complexity="3" crap="12" count="0"/>
      <line num="303" type="stmt" count="0"/>
      <line num="304" type="stmt" count="0"/>
      <line num="305" type="stmt" count="0"/>
      <line num="306" type="stmt" count="0"/>
      <line num="307" type="stmt" count="0"/>
      <line num="310" type="stmt" count="0"/>
      <line num="311" type="stmt" count="0"/>
      <line num="313" type="stmt" count="0"/>
      <line num="319" type="method" name="formatValue" visibility="private" complexity="2" crap="6" count="0"/>
      <line num="321" type="stmt" count="0"/>
      <line num="322" type="stmt" count="0"/>
      <line num="323" type="stmt" count="0"/>
      <line num="324" type="stmt" count="0"/>
      <line num="325" type="stmt" count="0"/>
      <line num="326" type="stmt" count="0"/>
      <line num="327" type="stmt" count="0"/>
      <line num="330" type="method" name="parse" visibility="public" complexity="1" crap="2" count="0"/>
      <line num="332" type="stmt" count="0"/>
      <line num="335" type="stmt" count="0"/>
      <line num="341" type="method" name="build" visibility="public" complexity="1" crap="2" count="0"/>
      <line num="343" type="stmt" count="0"/>
      <line num="349" type="method" name="buildRaw" visibility="public" complexity="2" crap="6" count="0"/>
      <line num="351" type="stmt" count="0"/>
      <line num="352" type="stmt" count="0"/>
      <line num="353" type="stmt" count="0"/>
      <line num="354" type="stmt" count="0"/>
      <line num="356" type="stmt" count="0"/>
      <line num="359" type="method" name="getValues" visibility="public" complexity="15" crap="240" count="0"/>
      <line num="361" type="stmt" count="0"/>
      <line num="362" type="stmt" count="0"/>
      <line num="363" type="stmt" count="0"/>
      <line num="364" type="stmt" count="0"/>
      <line num="365" type="stmt" count="0"/>
      <line num="367" type="stmt" count="0"/>
      <line num="368" type="stmt" count="0"/>
      <line num="370" type="stmt" count="0"/>
      <line num="371" type="stmt" count="0"/>
      <line num="372" type="stmt" count="0"/>
      <line num="378" type="stmt" count="0"/>
      <line num="379" type="stmt" count="0"/>
      <line num="380" type="stmt" count="0"/>
      <line num="381" type="stmt" count="0"/>
      <line num="383" type="stmt" count="0"/>
      <line num="384" type="stmt" count="0"/>
      <line num="386" type="stmt" count="0"/>
      <line num="387" type="stmt" count="0"/>
      <line num="388" type="stmt" count="0"/>
      <line num="394" type="stmt" count="0"/>
      <line num="395" type="stmt" count="0"/>
      <line num="396" type="stmt" count="0"/>
      <line num="399" type="stmt" count="0"/>
      <metrics loc="402" ncloc="363" classes="1" methods="17" coveredmethods="0" conditionals="0" coveredconditionals="0" statements="205" coveredstatements="0" elements="222" coveredelements="0"/>
    </file>
    <file name="/var/www/html/src/Engine/Firebird/QueryBuilder/Context.php">
      <class name="GenericDatabase\Engine\Firebird\QueryBuilder\Context" namespace="global">
        <metrics complexity="2" methods="2" coveredmethods="0" conditionals="0" coveredconditionals="0" statements="2" coveredstatements="0" elements="4" coveredelements="0"/>
      </class>
      <line num="18" type="method" name="setContext" visibility="protected" complexity="1" crap="2" count="0"/>
      <line num="20" type="stmt" count="0"/>
      <line num="28" type="method" name="getContext" visibility="protected" complexity="1" crap="2" count="0"/>
      <line num="30" type="stmt" count="0"/>
      <metrics loc="33" ncloc="22" classes="1" methods="2" coveredmethods="0" conditionals="0" coveredconditionals="0" statements="2" coveredstatements="0" elements="4" coveredelements="0"/>
    </file>
    <file name="/var/www/html/src/Engine/Firebird/QueryBuilder/Criteria.php">
      <class name="GenericDatabase\Engine\Firebird\QueryBuilder\Criteria" namespace="global">
        <metrics complexity="44" methods="8" coveredmethods="0" conditionals="0" coveredconditionals="0" statements="168" coveredstatements="0" elements="176" coveredelements="0"/>
      </class>
      <line num="17" type="method" name="getSelect" visibility="public" complexity="4" crap="20" count="0"/>
      <line num="19" type="stmt" count="0"/>
      <line num="20" type="stmt" count="0"/>
      <line num="21" type="stmt" count="0"/>
      <line num="22" type="stmt" count="0"/>
      <line num="23" type="stmt" count="0"/>
      <line num="24" type="stmt" count="0"/>
      <line num="25" type="stmt" count="0"/>
      <line num="26" type="stmt" count="0"/>
      <line num="27" type="stmt" count="0"/>
      <line num="28" type="stmt" count="0"/>
      <line num="29" type="stmt" count="0"/>
      <line num="30" type="stmt" count="0"/>
      <line num="31" type="stmt" count="0"/>
      <line num="32" type="stmt" count="0"/>
      <line num="33" type="stmt" count="0"/>
      <line num="34" type="stmt" count="0"/>
      <line num="36" type="stmt" count="0"/>
      <line num="39" type="method" name="getFrom" visibility="public" complexity="5" crap="30" count="0"/>
      <line num="41" type="stmt" count="0"/>
      <line num="42" type="stmt" count="0"/>
      <line num="43" type="stmt" count="0"/>
      <line num="44" type="stmt" count="0"/>
      <line num="45" type="stmt" count="0"/>
      <line num="46" type="stmt" count="0"/>
      <line num="47" type="stmt" count="0"/>
      <line num="48" type="stmt" count="0"/>
      <line num="49" type="stmt" count="0"/>
      <line num="50" type="stmt" count="0"/>
      <line num="52" type="stmt" count="0"/>
      <line num="55" type="method" name="getJoin" visibility="public" complexity="8" crap="72" count="0"/>
      <line num="57" type="stmt" count="0"/>
      <line num="58" type="stmt" count="0"/>
      <line num="59" type="stmt" count="0"/>
      <line num="60" type="stmt" count="0"/>
      <line num="61" type="stmt" count="0"/>
      <line num="62" type="stmt" count="0"/>
      <line num="63" type="stmt" count="0"/>
      <line num="64" type="stmt" count="0"/>
      <line num="65" type="stmt" count="0"/>
      <line num="67" type="stmt" count="0"/>
      <line num="68" type="stmt" count="0"/>
      <line num="72" type="stmt" count="0"/>
      <line num="73" type="stmt" count="0"/>
      <line num="74" type="stmt" count="0"/>
      <line num="77" type="stmt" count="0"/>
      <line num="80" type="stmt" count="0"/>
      <line num="83" type="method" name="getOn" visibility="public" complexity="4" crap="20" count="0"/>
      <line num="85" type="stmt" count="0"/>
      <line num="86" type="stmt" count="0"/>
      <line num="87" type="stmt" count="0"/>
      <line num="88" type="stmt" count="0"/>
      <line num="89" type="stmt" count="0"/>
      <line num="90" type="stmt" count="0"/>
      <line num="91" type="stmt" count="0"/>
      <line num="92" type="stmt" count="0"/>
      <line num="93" type="stmt" count="0"/>
      <line num="94" type="stmt" count="0"/>
      <line num="95" type="stmt" count="0"/>
      <line num="96" type="stmt" count="0"/>
      <line num="97" type="stmt" count="0"/>
      <line num="98" type="stmt" count="0"/>
      <line num="99" type="stmt" count="0"/>
      <line num="100" type="stmt" count="0"/>
      <line num="101" type="stmt" count="0"/>
      <line num="103" type="stmt" count="0"/>
      <line num="106" type="method" name="getWhereHaving" visibility="public" complexity="6" crap="42" count="0"/>
      <line num="108" type="stmt" count="0"/>
      <line num="109" type="stmt" count="0"/>
      <line num="110" type="stmt" count="0"/>
      <line num="111" type="stmt" count="0"/>
      <line num="113" type="stmt" count="0"/>
      <line num="114" type="stmt" count="0"/>
      <line num="115" type="stmt" count="0"/>
      <line num="116" type="stmt" count="0"/>
      <line num="117" type="stmt" count="0"/>
      <line num="118" type="stmt" count="0"/>
      <line num="119" type="stmt" count="0"/>
      <line num="121" type="stmt" count="0"/>
      <line num="122" type="stmt" count="0"/>
      <line num="123" type="stmt" count="0"/>
      <line num="124" type="stmt" count="0"/>
      <line num="126" type="stmt" count="0"/>
      <line num="127" type="stmt" count="0"/>
      <line num="128" type="stmt" count="0"/>
      <line num="129" type="stmt" count="0"/>
      <line num="130" type="stmt" count="0"/>
      <line num="131" type="stmt" count="0"/>
      <line num="132" type="stmt" count="0"/>
      <line num="133" type="stmt" count="0"/>
      <line num="134" type="stmt" count="0"/>
      <line num="135" type="stmt" count="0"/>
      <line num="136" type="stmt" count="0"/>
      <line num="137" type="stmt" count="0"/>
      <line num="138" type="stmt" count="0"/>
      <line num="139" type="stmt" count="0"/>
      <line num="140" type="stmt" count="0"/>
      <line num="141" type="stmt" count="0"/>
      <line num="142" type="stmt" count="0"/>
      <line num="143" type="stmt" count="0"/>
      <line num="144" type="stmt" count="0"/>
      <line num="145" type="stmt" count="0"/>
      <line num="146" type="stmt" count="0"/>
      <line num="147" type="stmt" count="0"/>
      <line num="148" type="stmt" count="0"/>
      <line num="149" type="stmt" count="0"/>
      <line num="150" type="stmt" count="0"/>
      <line num="151" type="stmt" count="0"/>
      <line num="152" type="stmt" count="0"/>
      <line num="153" type="stmt" count="0"/>
      <line num="154" type="stmt" count="0"/>
      <line num="155" type="stmt" count="0"/>
      <line num="156" type="stmt" count="0"/>
      <line num="157" type="stmt" count="0"/>
      <line num="158" type="stmt" count="0"/>
      <line num="159" type="stmt" count="0"/>
      <line num="160" type="stmt" count="0"/>
      <line num="161" type="stmt" count="0"/>
      <line num="163" type="stmt" count="0"/>
      <line num="166" type="method" name="getGroup" visibility="public" complexity="4" crap="20" count="0"/>
      <line num="168" type="stmt" count="0"/>
      <line num="169" type="stmt" count="0"/>
      <line num="170" type="stmt" count="0"/>
      <line num="171" type="stmt" count="0"/>
      <line num="172" type="stmt" count="0"/>
      <line num="173" type="stmt" count="0"/>
      <line num="174" type="stmt" count="0"/>
      <line num="175" type="stmt" count="0"/>
      <line num="176" type="stmt" count="0"/>
      <line num="177" type="stmt" count="0"/>
      <line num="178" type="stmt" count="0"/>
      <line num="180" type="stmt" count="0"/>
      <line num="181" type="stmt" count="0"/>
      <line num="182" type="stmt" count="0"/>
      <line num="183" type="stmt" count="0"/>
      <line num="184" type="stmt" count="0"/>
      <line num="185" type="stmt" count="0"/>
      <line num="188" type="stmt" count="0"/>
      <line num="191" type="method" name="getOrder" visibility="public" complexity="5" crap="30" count="0"/>
      <line num="193" type="stmt" count="0"/>
      <line num="194" type="stmt" count="0"/>
      <line num="195" type="stmt" count="0"/>
      <line num="196" type="stmt" count="0"/>
      <line num="197" type="stmt" count="0"/>
      <line num="198" type="stmt" count="0"/>
      <line num="199" type="stmt" count="0"/>
      <line num="200" type="stmt" count="0"/>
      <line num="201" type="stmt" count="0"/>
      <line num="202" type="stmt" count="0"/>
      <line num="203" type="stmt" count="0"/>
      <line num="204" type="stmt" count="0"/>
      <line num="205" type="stmt" count="0"/>
      <line num="207" type="stmt" count="0"/>
      <line num="208" type="stmt" count="0"/>
      <line num="209" type="stmt" count="0"/>
      <line num="210" type="stmt" count="0"/>
      <line num="211" type="stmt" count="0"/>
      <line num="212" type="stmt" count="0"/>
      <line num="213" type="stmt" count="0"/>
      <line num="216" type="stmt" count="0"/>
      <line num="219" type="method" name="getLimit" visibility="public" complexity="8" crap="72" count="0"/>
      <line num="221" type="stmt" count="0"/>
      <line num="222" type="stmt" count="0"/>
      <line num="223" type="stmt" count="0"/>
      <line num="224" type="stmt" count="0"/>
      <line num="225" type="stmt" count="0"/>
      <line num="226" type="stmt" count="0"/>
      <line num="227" type="stmt" count="0"/>
      <line num="228" type="stmt" count="0"/>
      <line num="229" type="stmt" count="0"/>
      <line num="230" type="stmt" count="0"/>
      <line num="231" type="stmt" count="0"/>
      <line num="232" type="stmt" count="0"/>
      <line num="233" type="stmt" count="0"/>
      <line num="234" type="stmt" count="0"/>
      <line num="236" type="stmt" count="0"/>
      <metrics loc="239" ncloc="239" classes="1" methods="8" coveredmethods="0" conditionals="0" coveredconditionals="0" statements="168" coveredstatements="0" elements="176" coveredelements="0"/>
    </file>
    <file name="/var/www/html/src/Engine/Firebird/QueryBuilder/Clause.php">
      <class name="GenericDatabase\Engine\Firebird\QueryBuilder\Internal" namespace="global">
        <metrics complexity="80" methods="11" coveredmethods="0" conditionals="0" coveredconditionals="0" statements="151" coveredstatements="0" elements="162" coveredelements="0"/>
      </class>
      <line num="21" type="method" name="select" visibility="public" complexity="8" crap="72" count="0"/>
      <line num="23" type="stmt" count="0"/>
      <line num="24" type="stmt" count="0"/>
      <line num="25" type="stmt" count="0"/>
      <line num="26" type="stmt" count="0"/>
      <line num="27" type="stmt" count="0"/>
      <line num="28" type="stmt" count="0"/>
      <line num="29" type="stmt" count="0"/>
      <line num="30" type="stmt" count="0"/>
      <line num="31" type="stmt" count="0"/>
      <line num="32" type="stmt" count="0"/>
      <line num="33" type="stmt" count="0"/>
      <line num="34" type="stmt" count="0"/>
      <line num="35" type="stmt" count="0"/>
      <line num="36" type="stmt" count="0"/>
      <line num="37" type="stmt" count="0"/>
      <line num="38" type="stmt" count="0"/>
      <line num="40" type="stmt" count="0"/>
      <line num="44" type="stmt" count="0"/>
      <line num="47" type="method" name="from" visibility="public" complexity="9" crap="90" count="0"/>
      <line num="49" type="stmt" count="0"/>
      <line num="50" type="stmt" count="0"/>
      <line num="51" type="stmt" count="0"/>
      <line num="52" type="stmt" count="0"/>
      <line num="53" type="stmt" count="0"/>
      <line num="54" type="stmt" count="0"/>
      <line num="56" type="stmt" count="0"/>
      <line num="57" type="stmt" count="0"/>
      <line num="58" type="stmt" count="0"/>
      <line num="59" type="stmt" count="0"/>
      <line num="60" type="stmt" count="0"/>
      <line num="61" type="stmt" count="0"/>
      <line num="64" type="stmt" count="0"/>
      <line num="68" type="stmt" count="0"/>
      <line num="71" type="method" name="join" visibility="public" complexity="10" crap="110" count="0"/>
      <line num="73" type="stmt" count="0"/>
      <line num="74" type="stmt" count="0"/>
      <line num="75" type="stmt" count="0"/>
      <line num="76" type="stmt" count="0"/>
      <line num="77" type="stmt" count="0"/>
      <line num="78" type="stmt" count="0"/>
      <line num="79" type="stmt" count="0"/>
      <line num="80" type="stmt" count="0"/>
      <line num="82" type="stmt" count="0"/>
      <line num="83" type="stmt" count="0"/>
      <line num="84" type="stmt" count="0"/>
      <line num="85" type="stmt" count="0"/>
      <line num="86" type="stmt" count="0"/>
      <line num="87" type="stmt" count="0"/>
      <line num="88" type="stmt" count="0"/>
      <line num="89" type="stmt" count="0"/>
      <line num="90" type="stmt" count="0"/>
      <line num="91" type="stmt" count="0"/>
      <line num="93" type="stmt" count="0"/>
      <line num="94" type="stmt" count="0"/>
      <line num="95" type="stmt" count="0"/>
      <line num="96" type="stmt" count="0"/>
      <line num="101" type="stmt" count="0"/>
      <line num="104" type="method" name="on" visibility="public" complexity="10" crap="110" count="0"/>
      <line num="106" type="stmt" count="0"/>
      <line num="107" type="stmt" count="0"/>
      <line num="108" type="stmt" count="0"/>
      <line num="109" type="stmt" count="0"/>
      <line num="110" type="stmt" count="0"/>
      <line num="111" type="stmt" count="0"/>
      <line num="112" type="stmt" count="0"/>
      <line num="113" type="stmt" count="0"/>
      <line num="115" type="stmt" count="0"/>
      <line num="116" type="stmt" count="0"/>
      <line num="117" type="stmt" count="0"/>
      <line num="118" type="stmt" count="0"/>
      <line num="119" type="stmt" count="0"/>
      <line num="122" type="stmt" count="0"/>
      <line num="123" type="stmt" count="0"/>
      <line num="127" type="stmt" count="0"/>
      <line num="130" type="method" name="makeWhere" visibility="private" complexity="8" crap="72" count="0"/>
      <line num="132" type="stmt" count="0"/>
      <line num="133" type="stmt" count="0"/>
      <line num="134" type="stmt" count="0"/>
      <line num="135" type="stmt" count="0"/>
      <line num="136" type="stmt" count="0"/>
      <line num="137" type="stmt" count="0"/>
      <line num="138" type="stmt" count="0"/>
      <line num="139" type="stmt" count="0"/>
      <line num="140" type="stmt" count="0"/>
      <line num="141" type="stmt" count="0"/>
      <line num="142" type="stmt" count="0"/>
      <line num="143" type="stmt" count="0"/>
      <line num="144" type="stmt" count="0"/>
      <line num="145" type="stmt" count="0"/>
      <line num="148" type="stmt" count="0"/>
      <line num="151" type="method" name="where" visibility="public" complexity="3" crap="12" count="0"/>
      <line num="153" type="stmt" count="0"/>
      <line num="154" type="stmt" count="0"/>
      <line num="155" type="stmt" count="0"/>
      <line num="156" type="stmt" count="0"/>
      <line num="159" type="stmt" count="0"/>
      <line num="161" type="stmt" count="0"/>
      <line num="164" type="method" name="makeHaving" visibility="public" complexity="8" crap="72" count="0"/>
      <line num="166" type="stmt" count="0"/>
      <line num="167" type="stmt" count="0"/>
      <line num="168" type="stmt" count="0"/>
      <line num="169" type="stmt" count="0"/>
      <line num="170" type="stmt" count="0"/>
      <line num="171" type="stmt" count="0"/>
      <line num="172" type="stmt" count="0"/>
      <line num="173" type="stmt" count="0"/>
      <line num="174" type="stmt" count="0"/>
      <line num="175" type="stmt" count="0"/>
      <line num="176" type="stmt" count="0"/>
      <line num="177" type="stmt" count="0"/>
      <line num="178" type="stmt" count="0"/>
      <line num="179" type="stmt" count="0"/>
      <line num="182" type="stmt" count="0"/>
      <line num="185" type="method" name="having" visibility="public" complexity="3" crap="12" count="0"/>
      <line num="187" type="stmt" count="0"/>
      <line num="188" type="stmt" count="0"/>
      <line num="189" type="stmt" count="0"/>
      <line num="190" type="stmt" count="0"/>
      <line num="193" type="stmt" count="0"/>
      <line num="195" type="stmt" count="0"/>
      <line num="198" type="method" name="group" visibility="public" complexity="7" crap="56" count="0"/>
      <line num="200" type="stmt" count="0"/>
      <line num="201" type="stmt" count="0"/>
      <line num="202" type="stmt" count="0"/>
      <line num="203" type="stmt" count="0"/>
      <line num="204" type="stmt" count="0"/>
      <line num="205" type="stmt" count="0"/>
      <line num="206" type="stmt" count="0"/>
      <line num="207" type="stmt" count="0"/>
      <line num="208" type="stmt" count="0"/>
      <line num="210" type="stmt" count="0"/>
      <line num="214" type="stmt" count="0"/>
      <line num="217" type="method" name="order" visibility="public" complexity="8" crap="72" count="0"/>
      <line num="219" type="stmt" count="0"/>
      <line num="220" type="stmt" count="0"/>
      <line num="221" type="stmt" count="0"/>
      <line num="222" type="stmt" count="0"/>
      <line num="223" type="stmt" count="0"/>
      <line num="224" type="stmt" count="0"/>
      <line num="225" type="stmt" count="0"/>
      <line num="226" type="stmt" count="0"/>
      <line num="227" type="stmt" count="0"/>
      <line num="228" type="stmt" count="0"/>
      <line num="229" type="stmt" count="0"/>
      <line num="230" type="stmt" count="0"/>
      <line num="231" type="stmt" count="0"/>
      <line num="232" type="stmt" count="0"/>
      <line num="233" type="stmt" count="0"/>
      <line num="234" type="stmt" count="0"/>
      <line num="235" type="stmt" count="0"/>
      <line num="237" type="stmt" count="0"/>
      <line num="241" type="stmt" count="0"/>
      <line num="244" type="method" name="limit" visibility="public" complexity="6" crap="42" count="0"/>
      <line num="246" type="stmt" count="0"/>
      <line num="247" type="stmt" count="0"/>
      <line num="248" type="stmt" count="0"/>
      <line num="249" type="stmt" count="0"/>
      <line num="251" type="stmt" count="0"/>
      <line num="252" type="stmt" count="0"/>
      <line num="254" type="stmt" count="0"/>
      <line num="256" type="stmt" count="0"/>
      <metrics loc="259" ncloc="259" classes="1" methods="11" coveredmethods="0" conditionals="0" coveredconditionals="0" statements="151" coveredstatements="0" elements="162" coveredelements="0"/>
    </file>
    <file name="/var/www/html/src/Engine/Firebird/QueryBuilder/Query.php">
      <class name="GenericDatabase\Engine\Firebird\QueryBuilder\Query" namespace="global">
        <metrics complexity="0" methods="0" coveredmethods="0" conditionals="0" coveredconditionals="0" statements="0" coveredstatements="0" elements="0" coveredelements="0"/>
      </class>
      <metrics loc="9" ncloc="9" classes="0" methods="0" coveredmethods="0" conditionals="0" coveredconditionals="0" statements="0" coveredstatements="0" elements="0" coveredelements="0"/>
    </file>
    <file name="/var/www/html/src/Engine/Firebird/QueryBuilder/Regex.php">
      <class name="GenericDatabase\Engine\Firebird\QueryBuilder\Regex" namespace="global">
        <metrics complexity="15" methods="15" coveredmethods="0" conditionals="0" coveredconditionals="0" statements="28" coveredstatements="0" elements="43" coveredelements="0"/>
      </class>
      <line num="37" type="method" name="getRegex" visibility="private" complexity="1" crap="2" count="0"/>
      <line num="39" type="stmt" count="0"/>
      <line num="42" type="method" name="regexLimit" visibility="private" complexity="1" crap="2" count="0"/>
      <line num="44" type="stmt" count="0"/>
      <line num="47" type="method" name="getLimit" visibility="public" complexity="1" crap="2" count="0"/>
      <line num="49" type="stmt" count="0"/>
      <line num="52" type="method" name="regexFunctionWithoutAlias" visibility="private" complexity="1" crap="2" count="0"/>
      <line num="54" type="stmt" count="0"/>
      <line num="57" type="method" name="regexMetadataWithoutAlias" visibility="private" complexity="1" crap="2" count="0"/>
      <line num="59" type="stmt" count="0"/>
      <line num="62" type="method" name="getGroupOrder" visibility="public" complexity="1" crap="2" count="0"/>
      <line num="64" type="stmt" count="0"/>
      <line num="65" type="stmt" count="0"/>
      <line num="68" type="method" name="regexFunction" visibility="private" complexity="1" crap="2" count="0"/>
      <line num="70" type="stmt" count="0"/>
      <line num="71" type="stmt" count="0"/>
      <line num="74" type="method" name="regexMetadata" visibility="private" complexity="1" crap="2" count="0"/>
      <line num="76" type="stmt" count="0"/>
      <line num="77" type="stmt" count="0"/>
      <line num="80" type="method" name="getSelect" visibility="public" complexity="1" crap="2" count="0"/>
      <line num="82" type="stmt" count="0"/>
      <line num="83" type="stmt" count="0"/>
      <line num="86" type="method" name="regexFrom" visibility="private" complexity="1" crap="2" count="0"/>
      <line num="88" type="stmt" count="0"/>
      <line num="91" type="method" name="getFrom" visibility="public" complexity="1" crap="2" count="0"/>
      <line num="93" type="stmt" count="0"/>
      <line num="96" type="method" name="regexOn" visibility="private" complexity="1" crap="2" count="0"/>
      <line num="98" type="stmt" count="0"/>
      <line num="99" type="stmt" count="0"/>
      <line num="100" type="stmt" count="0"/>
      <line num="103" type="method" name="getOn" visibility="public" complexity="1" crap="2" count="0"/>
      <line num="105" type="stmt" count="0"/>
      <line num="108" type="method" name="regexWhereHaving" visibility="private" complexity="1" crap="2" count="0"/>
      <line num="110" type="stmt" count="0"/>
      <line num="111" type="stmt" count="0"/>
      <line num="112" type="stmt" count="0"/>
      <line num="113" type="stmt" count="0"/>
      <line num="114" type="stmt" count="0"/>
      <line num="115" type="stmt" count="0"/>
      <line num="116" type="stmt" count="0"/>
      <line num="117" type="stmt" count="0"/>
      <line num="120" type="method" name="getWhereHaving" visibility="public" complexity="1" crap="2" count="0"/>
      <line num="122" type="stmt" count="0"/>
      <metrics loc="125" ncloc="125" classes="1" methods="15" coveredmethods="0" conditionals="0" coveredconditionals="0" statements="28" coveredstatements="0" elements="43" coveredelements="0"/>
    </file>
    <file name="/var/www/html/src/Engine/FirebirdConnection.php">
      <class name="GenericDatabase\Engine\FirebirdConnection" namespace="global">
        <metrics complexity="79" methods="53" coveredmethods="2" conditionals="0" coveredconditionals="0" statements="193" coveredstatements="7" elements="246" coveredelements="9"/>
      </class>
      <line num="122" type="method" name="__construct" visibility="public" complexity="1" crap="1" count="4"/>
      <line num="124" type="stmt" count="4"/>
      <line num="133" type="method" name="__call" visibility="public" complexity="3" crap="3.21" count="4"/>
      <line num="135" type="stmt" count="4"/>
      <line num="136" type="stmt" count="4"/>
      <line num="137" type="stmt" count="4"/>
      <line num="138" type="stmt" count="4"/>
      <line num="139" type="stmt" count="0"/>
      <line num="140" type="stmt" count="0"/>
      <line num="142" type="stmt" count="4"/>
      <line num="153" type="method" name="__callStatic" visibility="public" complexity="1" crap="1" count="3"/>
      <line num="155" type="stmt" count="3"/>
      <line num="164" type="method" name="preConnect" visibility="private" complexity="1" crap="2" count="0"/>
      <line num="166" type="stmt" count="0"/>
      <line num="167" type="stmt" count="0"/>
      <line num="168" type="stmt" count="0"/>
      <line num="169" type="stmt" count="0"/>
      <line num="178" type="method" name="postConnect" visibility="private" complexity="1" crap="2" count="0"/>
      <line num="180" type="stmt" count="0"/>
      <line num="181" type="stmt" count="0"/>
      <line num="182" type="stmt" count="0"/>
      <line num="196" type="method" name="realConnect" visibility="private" complexity="2" crap="6" count="0"/>
      <line num="203" type="stmt" count="0"/>
      <line num="204" type="stmt" count="0"/>
      <line num="205" type="stmt" count="0"/>
      <line num="206" type="stmt" count="0"/>
      <line num="207" type="stmt" count="0"/>
      <line num="208" type="stmt" count="0"/>
      <line num="209" type="stmt" count="0"/>
      <line num="218" type="method" name="connect" visibility="public" complexity="3" crap="12" count="0"/>
      <line num="220" type="stmt" count="0"/>
      <line num="221" type="stmt" count="0"/>
      <line num="222" type="stmt" count="0"/>
      <line num="223" type="stmt" count="0"/>
      <line num="224" type="stmt" count="0"/>
      <line num="225" type="stmt" count="0"/>
      <line num="226" type="stmt" count="0"/>
      <line num="230" type="stmt" count="0"/>
      <line num="231" type="stmt" count="0"/>
      <line num="232" type="stmt" count="0"/>
      <line num="233" type="stmt" count="0"/>
      <line num="234" type="stmt" count="0"/>
      <line num="235" type="stmt" count="0"/>
      <line num="236" type="stmt" count="0"/>
      <line num="237" type="stmt" count="0"/>
      <line num="238" type="stmt" count="0"/>
      <line num="239" type="stmt" count="0"/>
      <line num="240" type="stmt" count="0"/>
      <line num="241" type="stmt" count="0"/>
      <line num="242" type="stmt" count="0"/>
      <line num="243" type="stmt" count="0"/>
      <line num="244" type="stmt" count="0"/>
      <line num="245" type="stmt" count="0"/>
      <line num="246" type="stmt" count="0"/>
      <line num="247" type="stmt" count="0"/>
      <line num="256" type="method" name="ping" visibility="public" complexity="1" crap="2" count="0"/>
      <line num="258" type="stmt" count="0"/>
      <line num="266" type="method" name="disconnect" visibility="public" complexity="4" crap="20" count="0"/>
      <line num="268" type="stmt" count="0"/>
      <line num="269" type="stmt" count="0"/>
      <line num="270" type="stmt" count="0"/>
      <line num="271" type="stmt" count="0"/>
      <line num="272" type="stmt" count="0"/>
      <line num="274" type="stmt" count="0"/>
      <line num="284" type="method" name="isConnected" visibility="public" complexity="2" crap="6" count="0"/>
      <line num="286" type="stmt" count="0"/>
      <line num="287" type="stmt" count="0"/>
      <line num="296" type="method" name="parseDsn" visibility="private" complexity="1" crap="2" count="0"/>
      <line num="298" type="stmt" count="0"/>
      <line num="306" type="method" name="getConnection" visibility="public" complexity="1" crap="2" count="0"/>
      <line num="308" type="stmt" count="0"/>
      <line num="317" type="method" name="setConnection" visibility="public" complexity="1" crap="2" count="0"/>
      <line num="319" type="stmt" count="0"/>
      <line num="320" type="stmt" count="0"/>
      <line num="331" type="method" name="loadFromFile" visibility="public" complexity="1" crap="2" count="0"/>
      <line num="333" type="stmt" count="0"/>
      <line num="341" type="method" name="beginTransaction" visibility="public" complexity="1" crap="2" count="0"/>
      <line num="343" type="stmt" count="0"/>
      <line num="351" type="method" name="commit" visibility="public" complexity="1" crap="2" count="0"/>
      <line num="353" type="stmt" count="0"/>
      <line num="362" type="method" name="rollback" visibility="public" complexity="1" crap="2" count="0"/>
      <line num="364" type="stmt" count="0"/>
      <line num="373" type="method" name="inTransaction" visibility="public" complexity="1" crap="2" count="0"/>
      <line num="375" type="stmt" count="0"/>
      <line num="385" type="method" name="lastInsertId" visibility="public" complexity="2" crap="6" count="0"/>
      <line num="387" type="stmt" count="0"/>
      <line num="396" type="method" name="quote" visibility="public" complexity="2" crap="6" count="0"/>
      <line num="398" type="stmt" count="0"/>
      <line num="399" type="stmt" count="0"/>
      <line num="400" type="stmt" count="0"/>
      <line num="401" type="stmt" count="0"/>
      <line num="402" type="stmt" count="0"/>
      <line num="403" type="stmt" count="0"/>
      <line num="404" type="stmt" count="0"/>
      <line num="405" type="stmt" count="0"/>
      <line num="413" type="method" name="setAllMetadata" visibility="private" complexity="1" crap="2" count="0"/>
      <line num="415" type="stmt" count="0"/>
      <line num="416" type="stmt" count="0"/>
      <line num="417" type="stmt" count="0"/>
      <line num="418" type="stmt" count="0"/>
      <line num="419" type="stmt" count="0"/>
      <line num="427" type="method" name="getAllMetadata" visibility="public" complexity="1" crap="2" count="0"/>
      <line num="429" type="stmt" count="0"/>
      <line num="430" type="stmt" count="0"/>
      <line num="431" type="stmt" count="0"/>
      <line num="432" type="stmt" count="0"/>
      <line num="433" type="stmt" count="0"/>
      <line num="434" type="stmt" count="0"/>
      <line num="435" type="stmt" count="0"/>
      <line num="443" type="method" name="getQueryString" visibility="public" complexity="1" crap="2" count="0"/>
      <line num="445" type="stmt" count="0"/>
      <line num="453" type="method" name="setQueryString" visibility="public" complexity="1" crap="2" count="0"/>
      <line num="455" type="stmt" count="0"/>
      <line num="463" type="method" name="getQueryParameters" visibility="public" complexity="1" crap="2" count="0"/>
      <line num="465" type="stmt" count="0"/>
      <line num="473" type="method" name="setQueryParameters" visibility="public" complexity="1" crap="2" count="0"/>
      <line num="475" type="stmt" count="0"/>
      <line num="483" type="method" name="getQueryRows" visibility="public" complexity="1" crap="2" count="0"/>
      <line num="485" type="stmt" count="0"/>
      <line num="494" type="method" name="setQueryRows" visibility="public" complexity="2" crap="6" count="0"/>
      <line num="496" type="stmt" count="0"/>
      <line num="497" type="stmt" count="0"/>
      <line num="498" type="stmt" count="0"/>
      <line num="499" type="stmt" count="0"/>
      <line num="500" type="stmt" count="0"/>
      <line num="508" type="method" name="getQueryColumns" visibility="public" complexity="1" crap="2" count="0"/>
      <line num="510" type="stmt" count="0"/>
      <line num="519" type="method" name="setQueryColumns" visibility="public" complexity="1" crap="2" count="0"/>
      <line num="521" type="stmt" count="0"/>
      <line num="529" type="method" name="getAffectedRows" visibility="public" complexity="1" crap="2" count="0"/>
      <line num="531" type="stmt" count="0"/>
      <line num="540" type="method" name="setAffectedRows" visibility="public" complexity="2" crap="6" count="0"/>
      <line num="542" type="stmt" count="0"/>
      <line num="550" type="method" name="getStatement" visibility="public" complexity="1" crap="2" count="0"/>
      <line num="552" type="stmt" count="0"/>
      <line num="560" type="method" name="setStatement" visibility="public" complexity="1" crap="2" count="0"/>
      <line num="562" type="stmt" count="0"/>
      <line num="570" type="method" name="getStatementResult" visibility="private" complexity="1" crap="2" count="0"/>
      <line num="572" type="stmt" count="0"/>
      <line num="580" type="method" name="setStatementResult" visibility="private" complexity="1" crap="2" count="0"/>
      <line num="582" type="stmt" count="0"/>
      <line num="593" type="method" name="internalBindVariable" visibility="private" complexity="1" crap="2" count="0"/>
      <line num="595" type="stmt" count="0"/>
      <line num="604" type="method" name="internalBindParamArrayMulti" visibility="private" complexity="3" crap="12" count="0"/>
      <line num="606" type="stmt" count="0"/>
      <line num="607" type="stmt" count="0"/>
      <line num="608" type="stmt" count="0"/>
      <line num="609" type="stmt" count="0"/>
      <line num="610" type="stmt" count="0"/>
      <line num="611" type="stmt" count="0"/>
      <line num="621" type="method" name="internalBindParamArraySingle" visibility="private" complexity="1" crap="2" count="0"/>
      <line num="623" type="stmt" count="0"/>
      <line num="632" type="method" name="internalBindParamArray" visibility="private" complexity="2" crap="6" count="0"/>
      <line num="634" type="stmt" count="0"/>
      <line num="635" type="stmt" count="0"/>
      <line num="637" type="stmt" count="0"/>
      <line num="647" type="method" name="internalBindParamArgs" visibility="private" complexity="2" crap="6" count="0"/>
      <line num="649" type="stmt" count="0"/>
      <line num="650" type="stmt" count="0"/>
      <line num="651" type="stmt" count="0"/>
      <line num="652" type="stmt" count="0"/>
      <line num="653" type="stmt" count="0"/>
      <line num="663" type="method" name="makeArgs" visibility="private" complexity="1" crap="2" count="0"/>
      <line num="665" type="stmt" count="0"/>
      <line num="674" type="method" name="bindParam" visibility="public" complexity="2" crap="6" count="0"/>
      <line num="676" type="stmt" count="0"/>
      <line num="677" type="stmt" count="0"/>
      <line num="678" type="stmt" count="0"/>
      <line num="680" type="stmt" count="0"/>
      <line num="690" type="method" name="parse" visibility="private" complexity="1" crap="2" count="0"/>
      <line num="692" type="stmt" count="0"/>
      <line num="693" type="stmt" count="0"/>
      <line num="694" type="stmt" count="0"/>
      <line num="703" type="method" name="query" visibility="public" complexity="2" crap="6" count="0"/>
      <line num="705" type="stmt" count="0"/>
      <line num="706" type="stmt" count="0"/>
      <line num="707" type="stmt" count="0"/>
      <line num="708" type="stmt" count="0"/>
[...]
      <line num="670" type="stmt" count="1"/>
      <line num="671" type="stmt" count="1"/>
      <line num="672" type="stmt" count="1"/>
      <line num="673" type="stmt" count="1"/>
      <line num="674" type="stmt" count="1"/>
      <line num="675" type="stmt" count="1"/>
      <line num="676" type="stmt" count="1"/>
      <line num="677" type="stmt" count="1"/>
      <line num="678" type="stmt" count="1"/>
      <line num="679" type="stmt" count="1"/>
      <line num="680" type="stmt" count="1"/>
      <line num="689" type="method" name="odbcSQLite" visibility="public" complexity="3" crap="3" count="1"/>
      <line num="695" type="stmt" count="1"/>
      <line num="698" type="stmt" count="1"/>
      <line num="700" type="stmt" count="1"/>
      <line num="701" type="stmt" count="1"/>
      <line num="702" type="stmt" count="1"/>
      <line num="703" type="stmt" count="1"/>
      <line num="704" type="stmt" count="1"/>
      <line num="705" type="stmt" count="1"/>
      <line num="706" type="stmt" count="1"/>
      <line num="707" type="stmt" count="1"/>
      <line num="708" type="stmt" count="1"/>
      <line num="709" type="stmt" count="1"/>
      <line num="710" type="stmt" count="1"/>
      <line num="711" type="stmt" count="1"/>
      <line num="720" type="method" name="odbcAccess" visibility="public" complexity="3" crap="12" count="0"/>
      <line num="726" type="stmt" count="0"/>
      <line num="729" type="stmt" count="0"/>
      <line num="731" type="stmt" count="0"/>
      <line num="732" type="stmt" count="0"/>
      <line num="733" type="stmt" count="0"/>
      <line num="734" type="stmt" count="0"/>
      <line num="735" type="stmt" count="0"/>
      <line num="736" type="stmt" count="0"/>
      <line num="737" type="stmt" count="0"/>
      <line num="738" type="stmt" count="0"/>
      <line num="739" type="stmt" count="0"/>
      <line num="740" type="stmt" count="0"/>
      <line num="741" type="stmt" count="0"/>
      <line num="742" type="stmt" count="0"/>
      <line num="743" type="stmt" count="0"/>
      <line num="744" type="stmt" count="0"/>
      <line num="753" type="method" name="odbcExcel" visibility="public" complexity="3" crap="12" count="0"/>
      <line num="759" type="stmt" count="0"/>
      <line num="762" type="stmt" count="0"/>
      <line num="764" type="stmt" count="0"/>
      <line num="765" type="stmt" count="0"/>
      <line num="766" type="stmt" count="0"/>
      <line num="767" type="stmt" count="0"/>
      <line num="768" type="stmt" count="0"/>
      <line num="769" type="stmt" count="0"/>
      <line num="770" type="stmt" count="0"/>
      <line num="771" type="stmt" count="0"/>
      <line num="772" type="stmt" count="0"/>
      <line num="773" type="stmt" count="0"/>
      <line num="774" type="stmt" count="0"/>
      <line num="775" type="stmt" count="0"/>
      <line num="784" type="method" name="odbcText" visibility="public" complexity="3" crap="12" count="0"/>
      <line num="790" type="stmt" count="0"/>
      <line num="793" type="stmt" count="0"/>
      <line num="795" type="stmt" count="0"/>
      <line num="796" type="stmt" count="0"/>
      <line num="797" type="stmt" count="0"/>
      <line num="798" type="stmt" count="0"/>
      <line num="799" type="stmt" count="0"/>
      <line num="800" type="stmt" count="0"/>
      <line num="801" type="stmt" count="0"/>
      <line num="802" type="stmt" count="0"/>
      <line num="803" type="stmt" count="0"/>
      <line num="804" type="stmt" count="0"/>
      <line num="805" type="stmt" count="0"/>
      <line num="806" type="stmt" count="0"/>
      <line num="815" type="method" name="odbcMemory" visibility="public" complexity="3" crap="3" count="1"/>
      <line num="821" type="stmt" count="1"/>
      <line num="824" type="stmt" count="1"/>
      <line num="826" type="stmt" count="1"/>
      <line num="827" type="stmt" count="1"/>
      <line num="828" type="stmt" count="1"/>
      <line num="829" type="stmt" count="1"/>
      <line num="830" type="stmt" count="1"/>
      <line num="831" type="stmt" count="1"/>
      <line num="832" type="stmt" count="1"/>
      <line num="833" type="stmt" count="1"/>
      <line num="834" type="stmt" count="1"/>
      <line num="835" type="stmt" count="1"/>
      <line num="836" type="stmt" count="1"/>
      <line num="837" type="stmt" count="1"/>
      <metrics loc="840" ncloc="649" classes="1" methods="24" coveredmethods="21" conditionals="0" coveredconditionals="0" statements="406" coveredstatements="362" elements="430" coveredelements="383"/>
    </file>
    <file name="/var/www/html/src/QueryBuilder.php">
      <class name="GenericDatabase\QueryBuilder" namespace="global">
        <metrics complexity="37" methods="35" coveredmethods="0" conditionals="0" coveredconditionals="0" statements="79" coveredstatements="0" elements="114" coveredelements="0"/>
      </class>
      <line num="41" type="method" name="__construct" visibility="public" complexity="1" crap="2" count="0"/>
      <line num="43" type="stmt" count="0"/>
      <line num="44" type="stmt" count="0"/>
      <line num="45" type="stmt" count="0"/>
      <line num="54" type="method" name="with" visibility="public" complexity="1" crap="2" count="0"/>
      <line num="56" type="stmt" count="0"/>
      <line num="57" type="stmt" count="0"/>
      <line num="58" type="stmt" count="0"/>
      <line num="67" type="method" name="setStrategy" visibility="public" complexity="1" crap="2" count="0"/>
      <line num="69" type="stmt" count="0"/>
      <line num="77" type="method" name="getStrategy" visibility="public" complexity="1" crap="2" count="0"/>
      <line num="79" type="stmt" count="0"/>
      <line num="88" type="method" name="initStrategy" visibility="private" complexity="3" crap="12" count="0"/>
      <line num="90" type="stmt" count="0"/>
      <line num="92" type="stmt" count="0"/>
      <line num="93" type="stmt" count="0"/>
      <line num="96" type="stmt" count="0"/>
      <line num="97" type="stmt" count="0"/>
      <line num="98" type="stmt" count="0"/>
      <line num="99" type="stmt" count="0"/>
      <line num="100" type="stmt" count="0"/>
      <line num="101" type="stmt" count="0"/>
      <line num="102" type="stmt" count="0"/>
      <line num="103" type="stmt" count="0"/>
      <line num="104" type="stmt" count="0"/>
      <line num="105" type="stmt" count="0"/>
      <line num="106" type="stmt" count="0"/>
      <line num="108" type="stmt" count="0"/>
      <line num="109" type="stmt" count="0"/>
      <line num="112" type="stmt" count="0"/>
      <line num="115" type="method" name="select" visibility="public" complexity="1" crap="2" count="0"/>
      <line num="117" type="stmt" count="0"/>
      <line num="118" type="stmt" count="0"/>
      <line num="121" type="method" name="distinct" visibility="public" complexity="1" crap="2" count="0"/>
      <line num="123" type="stmt" count="0"/>
      <line num="124" type="stmt" count="0"/>
      <line num="127" type="method" name="from" visibility="public" complexity="1" crap="2" count="0"/>
      <line num="129" type="stmt" count="0"/>
      <line num="130" type="stmt" count="0"/>
      <line num="133" type="method" name="join" visibility="public" complexity="1" crap="2" count="0"/>
      <line num="135" type="stmt" count="0"/>
      <line num="136" type="stmt" count="0"/>
      <line num="139" type="method" name="selfJoin" visibility="public" complexity="1" crap="2" count="0"/>
      <line num="141" type="stmt" count="0"/>
      <line num="142" type="stmt" count="0"/>
      <line num="145" type="method" name="leftJoin" visibility="public" complexity="1" crap="2" count="0"/>
      <line num="147" type="stmt" count="0"/>
      <line num="148" type="stmt" count="0"/>
      <line num="151" type="method" name="rightJoin" visibility="public" complexity="1" crap="2" count="0"/>
      <line num="153" type="stmt" count="0"/>
      <line num="154" type="stmt" count="0"/>
      <line num="157" type="method" name="innerJoin" visibility="public" complexity="1" crap="2" count="0"/>
      <line num="159" type="stmt" count="0"/>
      <line num="160" type="stmt" count="0"/>
      <line num="163" type="method" name="outerJoin" visibility="public" complexity="1" crap="2" count="0"/>
      <line num="165" type="stmt" count="0"/>
      <line num="166" type="stmt" count="0"/>
      <line num="169" type="method" name="crossJoin" visibility="public" complexity="1" crap="2" count="0"/>
      <line num="171" type="stmt" count="0"/>
      <line num="172" type="stmt" count="0"/>
      <line num="175" type="method" name="on" visibility="public" complexity="1" crap="2" count="0"/>
      <line num="177" type="stmt" count="0"/>
      <line num="178" type="stmt" count="0"/>
      <line num="181" type="method" name="andOn" visibility="public" complexity="1" crap="2" count="0"/>
      <line num="183" type="stmt" count="0"/>
      <line num="184" type="stmt" count="0"/>
      <line num="187" type="method" name="orOn" visibility="public" complexity="1" crap="2" count="0"/>
      <line num="189" type="stmt" count="0"/>
      <line num="190" type="stmt" count="0"/>
      <line num="193" type="method" name="where" visibility="public" complexity="1" crap="2" count="0"/>
      <line num="195" type="stmt" count="0"/>
      <line num="196" type="stmt" count="0"/>
      <line num="199" type="method" name="andWhere" visibility="public" complexity="1" crap="2" count="0"/>
      <line num="201" type="stmt" count="0"/>
      <line num="202" type="stmt" count="0"/>
      <line num="205" type="method" name="orWhere" visibility="public" complexity="1" crap="2" count="0"/>
      <line num="207" type="stmt" count="0"/>
      <line num="208" type="stmt" count="0"/>
      <line num="211" type="method" name="having" visibility="public" complexity="1" crap="2" count="0"/>
      <line num="213" type="stmt" count="0"/>
      <line num="214" type="stmt" count="0"/>
      <line num="217" type="method" name="andHaving" visibility="public" complexity="1" crap="2" count="0"/>
      <line num="219" type="stmt" count="0"/>
      <line num="220" type="stmt" count="0"/>
      <line num="223" type="method" name="orHaving" visibility="public" complexity="1" crap="2" count="0"/>
      <line num="225" type="stmt" count="0"/>
      <line num="226" type="stmt" count="0"/>
      <line num="229" type="method" name="group" visibility="public" complexity="1" crap="2" count="0"/>
      <line num="231" type="stmt" count="0"/>
      <line num="232" type="stmt" count="0"/>
      <line num="235" type="method" name="order" visibility="public" complexity="1" crap="2" count="0"/>
      <line num="237" type="stmt" count="0"/>
      <line num="238" type="stmt" count="0"/>
      <line num="241" type="method" name="orderAsc" visibility="public" complexity="1" crap="2" count="0"/>
      <line num="243" type="stmt" count="0"/>
      <line num="244" type="stmt" count="0"/>
      <line num="247" type="method" name="orderDesc" visibility="public" complexity="1" crap="2" count="0"/>
      <line num="249" type="stmt" count="0"/>
      <line num="250" type="stmt" count="0"/>
      <line num="253" type="method" name="limit" visibility="public" complexity="1" crap="2" count="0"/>
      <line num="255" type="stmt" count="0"/>
      <line num="256" type="stmt" count="0"/>
      <line num="259" type="method" name="build" visibility="public" complexity="1" crap="2" count="0"/>
      <line num="261" type="stmt" count="0"/>
      <line num="264" type="method" name="buildRaw" visibility="public" complexity="1" crap="2" count="0"/>
      <line num="266" type="stmt" count="0"/>
      <line num="269" type="method" name="getValues" visibility="public" complexity="1" crap="2" count="0"/>
      <line num="271" type="stmt" count="0"/>
      <line num="274" type="method" name="getAllMetadata" visibility="public" complexity="1" crap="2" count="0"/>
      <line num="276" type="stmt" count="0"/>
      <line num="279" type="method" name="fetch" visibility="public" complexity="1" crap="2" count="0"/>
      <line num="281" type="stmt" count="0"/>
      <line num="284" type="method" name="fetchAll" visibility="public" complexity="1" crap="2" count="0"/>
      <line num="286" type="stmt" count="0"/>
      <metrics loc="289" ncloc="255" classes="1" methods="35" coveredmethods="0" conditionals="0" coveredconditionals="0" statements="79" coveredstatements="0" elements="114" coveredelements="0"/>
    </file>
    <file name="/var/www/html/src/Shared/Caller.php">
      <class name="GenericDatabase\Shared\Caller" namespace="global">
        <metrics complexity="5" methods="2" coveredmethods="2" conditionals="0" coveredconditionals="0" statements="13" coveredstatements="13" elements="15" coveredelements="15"/>
      </class>
      <line num="21" type="method" name="__call" visibility="public" complexity="3" crap="3" count="3"/>
      <line num="23" type="stmt" count="3"/>
      <line num="24" type="stmt" count="3"/>
      <line num="25" type="stmt" count="3"/>
      <line num="26" type="stmt" count="2"/>
      <line num="27" type="stmt" count="2"/>
      <line num="28" type="stmt" count="3"/>
      <line num="29" type="stmt" count="2"/>
      <line num="31" type="stmt" count="1"/>
      <line num="45" type="method" name="__callStatic" visibility="public" complexity="2" crap="2" count="4"/>
      <line num="47" type="stmt" count="4"/>
      <line num="48" type="stmt" count="1"/>
      <line num="49" type="stmt" count="1"/>
      <line num="50" type="stmt" count="1"/>
      <line num="52" type="stmt" count="3"/>
      <metrics loc="55" ncloc="35" classes="1" methods="2" coveredmethods="2" conditionals="0" coveredconditionals="0" statements="13" coveredstatements="13" elements="15" coveredelements="15"/>
    </file>
    <file name="/var/www/html/src/Shared/Cleaner.php">
      <class name="GenericDatabase\Shared\Cleaner" namespace="global">
        <metrics complexity="2" methods="2" coveredmethods="2" conditionals="0" coveredconditionals="0" statements="2" coveredstatements="2" elements="4" coveredelements="4"/>
      </class>
      <line num="16" type="method" name="__isset" visibility="public" complexity="1" crap="1" count="3"/>
      <line num="18" type="stmt" count="3"/>
      <line num="28" type="method" name="__unset" visibility="public" complexity="1" crap="1" count="6"/>
      <line num="30" type="stmt" count="6"/>
      <metrics loc="33" ncloc="19" classes="1" methods="2" coveredmethods="2" conditionals="0" coveredconditionals="0" statements="2" coveredstatements="2" elements="4" coveredelements="4"/>
    </file>
    <file name="/var/www/html/src/Shared/Getter.php">
      <class name="GenericDatabase\Shared\Getter" namespace="global">
        <metrics complexity="2" methods="1" coveredmethods="1" conditionals="0" coveredconditionals="0" statements="1" coveredstatements="1" elements="2" coveredelements="2"/>
      </class>
      <line num="15" type="method" name="__get" visibility="public" complexity="2" crap="2" count="107"/>
      <line num="17" type="stmt" count="107"/>
      <metrics loc="20" ncloc="14" classes="1" methods="1" coveredmethods="1" conditionals="0" coveredconditionals="0" statements="1" coveredstatements="1" elements="2" coveredelements="2"/>
    </file>
    <file name="/var/www/html/src/Shared/Property.php">
      <class name="GenericDatabase\Shared\Property" namespace="global">
        <metrics complexity="0" methods="0" coveredmethods="0" conditionals="0" coveredconditionals="0" statements="0" coveredstatements="0" elements="0" coveredelements="0"/>
      </class>
      <metrics loc="13" ncloc="9" classes="0" methods="0" coveredmethods="0" conditionals="0" coveredconditionals="0" statements="0" coveredstatements="0" elements="0" coveredelements="0"/>
    </file>
    <file name="/var/www/html/src/Shared/Setter.php">
      <class name="GenericDatabase\Shared\Setter" namespace="global">
        <metrics complexity="1" methods="1" coveredmethods="1" conditionals="0" coveredconditionals="0" statements="1" coveredstatements="1" elements="2" coveredelements="2"/>
      </class>
      <line num="16" type="method" name="__set" visibility="public" complexity="1" crap="1" count="299"/>
      <line num="18" type="stmt" count="299"/>
      <metrics loc="21" ncloc="14" classes="1" methods="1" coveredmethods="1" conditionals="0" coveredconditionals="0" statements="1" coveredstatements="1" elements="2" coveredelements="2"/>
    </file>
    <file name="/var/www/html/src/Shared/Singleton.php">
      <class name="GenericDatabase\Shared\Singleton" namespace="global">
        <metrics complexity="11" methods="5" coveredmethods="0" conditionals="0" coveredconditionals="0" statements="22" coveredstatements="10" elements="27" coveredelements="10"/>
      </class>
      <line num="29" type="method" name="getInstance" visibility="public" complexity="4" crap="5.26" count="130"/>
      <line num="31" type="stmt" count="130"/>
      <line num="32" type="stmt" count="130"/>
      <line num="33" type="stmt" count="10"/>
      <line num="35" type="stmt" count="130"/>
      <line num="38" type="stmt" count="0"/>
      <line num="39" type="stmt" count="0"/>
      <line num="41" type="stmt" count="0"/>
      <line num="50" type="method" name="newInstance" visibility="public" complexity="2" crap="6" count="0"/>
      <line num="52" type="stmt" count="0"/>
      <line num="53" type="stmt" count="0"/>
      <line num="54" type="stmt" count="0"/>
      <line num="57" type="stmt" count="0"/>
      <line num="58" type="stmt" count="0"/>
      <line num="68" type="method" name="setInstance" visibility="public" complexity="2" crap="2.06" count="16"/>
      <line num="70" type="stmt" count="16"/>
      <line num="71" type="stmt" count="16"/>
      <line num="72" type="stmt" count="16"/>
      <line num="75" type="stmt" count="0"/>
      <line num="84" type="method" name="clearInstance" visibility="public" complexity="2" crap="2.06" count="1"/>
      <line num="86" type="stmt" count="1"/>
      <line num="87" type="stmt" count="1"/>
      <line num="88" type="stmt" count="1"/>
      <line num="91" type="stmt" count="0"/>
      <line num="99" type="method" name="clearAllInstances" visibility="public" complexity="1" crap="2" count="0"/>
      <line num="101" type="stmt" count="0"/>
      <line num="102" type="stmt" count="0"/>
      <metrics loc="105" ncloc="65" classes="1" methods="5" coveredmethods="0" conditionals="0" coveredconditionals="0" statements="22" coveredstatements="10" elements="27" coveredelements="10"/>
    </file>
    <file name="/var/www/html/src/Shared/Transporter.php">
      <class name="GenericDatabase\Shared\Transporter" namespace="global">
        <metrics complexity="7" methods="2" coveredmethods="2" conditionals="0" coveredconditionals="0" statements="8" coveredstatements="8" elements="10" coveredelements="10"/>
      </class>
      <line num="14" type="method" name="__sleep" visibility="public" complexity="4" crap="4" count="1"/>
      <line num="16" type="stmt" count="1"/>
      <line num="17" type="stmt" count="1"/>
      <line num="18" type="stmt" count="1"/>
      <line num="19" type="stmt" count="1"/>
      <line num="22" type="stmt" count="1"/>
      <line num="30" type="method" name="__wakeup" visibility="public" complexity="3" crap="3" count="1"/>
      <line num="32" type="stmt" count="1"/>
      <line num="33" type="stmt" count="1"/>
      <line num="34" type="stmt" count="1"/>
      <metrics loc="39" ncloc="29" classes="1" methods="2" coveredmethods="2" conditionals="0" coveredconditionals="0" statements="8" coveredstatements="8" elements="10" coveredelements="10"/>
    </file>
    <metrics files="175" loc="34591" ncloc="25443" classes="147" methods="1698" coveredmethods="536" conditionals="0" coveredconditionals="0" statements="12220" coveredstatements="3985" elements="13918" coveredelements="4521"/>
  </project>
</coverage>
